[0.020s] Invoking command in '/home/ellakiya/dev_ws/build/bot': CMAKE_PREFIX_PATH=/opt/ros/humble /usr/bin/cmake --build /home/ellakiya/dev_ws/build/bot -- -j4 -l4
[0.088s] Invoked command in '/home/ellakiya/dev_ws/build/bot' returned '0': CMAKE_PREFIX_PATH=/opt/ros/humble /usr/bin/cmake --build /home/ellakiya/dev_ws/build/bot -- -j4 -l4
[0.149s] Invoking command in '/home/ellakiya/dev_ws/build/bot': CMAKE_PREFIX_PATH=/opt/ros/humble /usr/bin/cmake --install /home/ellakiya/dev_ws/build/bot
[0.162s] -- Install configuration: ""
[0.162s] -- Up-to-date: /home/ellakiya/dev_ws/install/bot/share/bot//launch
[0.163s] -- Up-to-date: /home/ellakiya/dev_ws/install/bot/share/bot//launch/trial.launch.py
[0.163s] -- Installing: /home/ellakiya/dev_ws/install/bot/share/bot//launch/gazebo.launch.py
[0.164s] -- Up-to-date: /home/ellakiya/dev_ws/install/bot/share/bot//launch/bot.launch.py
[0.165s] -- Up-to-date: /home/ellakiya/dev_ws/install/bot/share/bot//launch/rviz.launch.py
[0.165s] -- Up-to-date: /home/ellakiya/dev_ws/install/bot/share/bot//urdf
[0.165s] -- Up-to-date: /home/ellakiya/dev_ws/install/bot/share/bot//urdf/my_robot.urdf
[0.165s] -- Up-to-date: /home/ellakiya/dev_ws/install/bot/share/ament_index/resource_index/package_run_dependencies/bot
[0.165s] -- Up-to-date: /home/ellakiya/dev_ws/install/bot/share/ament_index/resource_index/parent_prefix_path/bot
[0.166s] -- Up-to-date: /home/ellakiya/dev_ws/install/bot/share/bot/environment/ament_prefix_path.sh
[0.166s] -- Up-to-date: /home/ellakiya/dev_ws/install/bot/share/bot/environment/ament_prefix_path.dsv
[0.166s] -- Up-to-date: /home/ellakiya/dev_ws/install/bot/share/bot/environment/path.sh
[0.166s] -- Up-to-date: /home/ellakiya/dev_ws/install/bot/share/bot/environment/path.dsv
[0.167s] -- Up-to-date: /home/ellakiya/dev_ws/install/bot/share/bot/local_setup.bash
[0.168s] -- Up-to-date: /home/ellakiya/dev_ws/install/bot/share/bot/local_setup.sh
[0.169s] -- Up-to-date: /home/ellakiya/dev_ws/install/bot/share/bot/local_setup.zsh
[0.169s] -- Up-to-date: /home/ellakiya/dev_ws/install/bot/share/bot/local_setup.dsv
[0.169s] -- Installing: /home/ellakiya/dev_ws/install/bot/share/bot/package.dsv
[0.169s] -- Up-to-date: /home/ellakiya/dev_ws/install/bot/share/ament_index/resource_index/packages/bot
[0.169s] -- Up-to-date: /home/ellakiya/dev_ws/install/bot/share/bot/cmake/botConfig.cmake
[0.170s] -- Up-to-date: /home/ellakiya/dev_ws/install/bot/share/bot/cmake/botConfig-version.cmake
[0.170s] -- Up-to-date: /home/ellakiya/dev_ws/install/bot/share/bot/package.xml
[0.171s] Invoked command in '/home/ellakiya/dev_ws/build/bot' returned '0': CMAKE_PREFIX_PATH=/opt/ros/humble /usr/bin/cmake --install /home/ellakiya/dev_ws/build/bot
