[0.009s] Invoking command in '/home/ellakiya/dev_ws/build/my_pkg': CMAKE_PREFIX_PATH=/opt/ros/humble /usr/bin/cmake /home/ellakiya/dev_ws/src/my_pkg -DCMAKE_INSTALL_PREFIX=/home/ellakiya/dev_ws/install/my_pkg
[0.069s] -- The C compiler identification is GNU 11.4.0
[0.229s] -- The CXX compiler identification is GNU 11.4.0
[0.266s] -- Detecting C compiler ABI info
[0.456s] -- Detecting C compiler ABI info - done
[0.467s] -- Check for working C compiler: /usr/bin/cc - skipped
[0.468s] -- Detecting C compile features
[0.468s] -- Detecting C compile features - done
[0.471s] -- Detecting CXX compiler ABI info
[0.571s] -- Detecting CXX compiler ABI info - done
[0.584s] -- Check for working CXX compiler: /usr/bin/c++ - skipped
[0.584s] -- Detecting CXX compile features
[0.585s] -- Detecting CXX compile features - done
[0.588s] -- Found ament_cmake: 1.3.9 (/opt/ros/humble/share/ament_cmake/cmake)
[0.775s] -- Found Python3: /usr/bin/python3 (found version "3.10.12") found components: Interpreter 
[0.872s] -- Found ament_lint_auto: 0.12.11 (/opt/ros/humble/share/ament_lint_auto/cmake)
[0.960s] -- Added test 'lint_cmake' to check CMake code style
[0.960s] -- Added test 'xmllint' to check XML markup files
[0.961s] -- Configuring done
[0.964s] -- Generating done
[0.967s] -- Build files have been written to: /home/ellakiya/dev_ws/build/my_pkg
[0.971s] Invoked command in '/home/ellakiya/dev_ws/build/my_pkg' returned '0': CMAKE_PREFIX_PATH=/opt/ros/humble /usr/bin/cmake /home/ellakiya/dev_ws/src/my_pkg -DCMAKE_INSTALL_PREFIX=/home/ellakiya/dev_ws/install/my_pkg
[0.972s] Invoking command in '/home/ellakiya/dev_ws/build/my_pkg': CMAKE_PREFIX_PATH=/opt/ros/humble /usr/bin/cmake --build /home/ellakiya/dev_ws/build/my_pkg -- -j4 -l4
[1.007s] Invoked command in '/home/ellakiya/dev_ws/build/my_pkg' returned '0': CMAKE_PREFIX_PATH=/opt/ros/humble /usr/bin/cmake --build /home/ellakiya/dev_ws/build/my_pkg -- -j4 -l4
[1.040s] Invoking command in '/home/ellakiya/dev_ws/build/my_pkg': CMAKE_PREFIX_PATH=/opt/ros/humble /usr/bin/cmake --install /home/ellakiya/dev_ws/build/my_pkg
[1.048s] -- Install configuration: ""
[1.048s] -- Installing: /home/ellakiya/dev_ws/install/my_pkg/share/ament_index/resource_index/package_run_dependencies/my_pkg
[1.048s] -- Installing: /home/ellakiya/dev_ws/install/my_pkg/share/ament_index/resource_index/parent_prefix_path/my_pkg
[1.048s] -- Installing: /home/ellakiya/dev_ws/install/my_pkg/share/my_pkg/environment/ament_prefix_path.sh
[1.049s] -- Installing: /home/ellakiya/dev_ws/install/my_pkg/share/my_pkg/environment/ament_prefix_path.dsv
[1.049s] -- Installing: /home/ellakiya/dev_ws/install/my_pkg/share/my_pkg/environment/path.sh
[1.049s] -- Installing: /home/ellakiya/dev_ws/install/my_pkg/share/my_pkg/environment/path.dsv
[1.050s] -- Installing: /home/ellakiya/dev_ws/install/my_pkg/share/my_pkg/local_setup.bash
[1.050s] -- Installing: /home/ellakiya/dev_ws/install/my_pkg/share/my_pkg/local_setup.sh
[1.050s] -- Installing: /home/ellakiya/dev_ws/install/my_pkg/share/my_pkg/local_setup.zsh
[1.051s] -- Installing: /home/ellakiya/dev_ws/install/my_pkg/share/my_pkg/local_setup.dsv
[1.051s] -- Installing: /home/ellakiya/dev_ws/install/my_pkg/share/my_pkg/package.dsv
[1.051s] -- Installing: /home/ellakiya/dev_ws/install/my_pkg/share/ament_index/resource_index/packages/my_pkg
[1.051s] -- Installing: /home/ellakiya/dev_ws/install/my_pkg/share/my_pkg/cmake/my_pkgConfig.cmake
[1.051s] -- Installing: /home/ellakiya/dev_ws/install/my_pkg/share/my_pkg/cmake/my_pkgConfig-version.cmake
[1.051s] -- Installing: /home/ellakiya/dev_ws/install/my_pkg/share/my_pkg/package.xml
[1.062s] Invoked command in '/home/ellakiya/dev_ws/build/my_pkg' returned '0': CMAKE_PREFIX_PATH=/opt/ros/humble /usr/bin/cmake --install /home/ellakiya/dev_ws/build/my_pkg
