[0.011s] Invoking command in '/home/ellakiya/dev_ws/build/bot': CMAKE_PREFIX_PATH=/opt/ros/humble /usr/bin/cmake /home/ellakiya/dev_ws/src/bot -DCMAKE_INSTALL_PREFIX=/home/ellakiya/dev_ws/install/bot
[0.070s] -- The C compiler identification is GNU 11.4.0
[0.232s] -- The CXX compiler identification is GNU 11.4.0
[0.272s] -- Detecting C compiler ABI info
[0.472s] -- Detecting C compiler ABI info - done
[0.476s] -- Check for working C compiler: /usr/bin/cc - skipped
[0.476s] -- Detecting C compile features
[0.477s] -- Detecting C compile features - done
[0.484s] -- Detecting CXX compiler ABI info
[0.579s] -- Detecting CXX compiler ABI info - done
[0.592s] -- Check for working CXX compiler: /usr/bin/c++ - skipped
[0.592s] -- Detecting CXX compile features
[0.593s] -- Detecting CXX compile features - done
[0.596s] -- Found ament_cmake: 1.3.9 (/opt/ros/humble/share/ament_cmake/cmake)
[0.777s] -- Found Python3: /usr/bin/python3 (found version "3.10.12") found components: Interpreter 
[0.871s] -- Found ament_lint_auto: 0.12.11 (/opt/ros/humble/share/ament_lint_auto/cmake)
[0.956s] -- Added test 'flake8' to check Python code syntax and style conventions
[0.957s] -- Added test 'lint_cmake' to check CMake code style
[0.957s] -- Added test 'pep257' to check Python code against some of the docstring style conventions in PEP 257
[0.958s] -- Added test 'xmllint' to check XML markup files
[0.960s] -- Configuring done
[0.965s] -- Generating done
[0.965s] -- Build files have been written to: /home/ellakiya/dev_ws/build/bot
[0.969s] Invoked command in '/home/ellakiya/dev_ws/build/bot' returned '0': CMAKE_PREFIX_PATH=/opt/ros/humble /usr/bin/cmake /home/ellakiya/dev_ws/src/bot -DCMAKE_INSTALL_PREFIX=/home/ellakiya/dev_ws/install/bot
[0.972s] Invoking command in '/home/ellakiya/dev_ws/build/bot': CMAKE_PREFIX_PATH=/opt/ros/humble /usr/bin/cmake --build /home/ellakiya/dev_ws/build/bot -- -j4 -l4
[1.014s] Invoked command in '/home/ellakiya/dev_ws/build/bot' returned '0': CMAKE_PREFIX_PATH=/opt/ros/humble /usr/bin/cmake --build /home/ellakiya/dev_ws/build/bot -- -j4 -l4
[1.044s] Invoking command in '/home/ellakiya/dev_ws/build/bot': CMAKE_PREFIX_PATH=/opt/ros/humble /usr/bin/cmake --install /home/ellakiya/dev_ws/build/bot
[1.051s] -- Install configuration: ""
[1.051s] -- Installing: /home/ellakiya/dev_ws/install/bot/share/bot//launch
[1.051s] -- Installing: /home/ellakiya/dev_ws/install/bot/share/bot//launch/bot.launch.py
[1.051s] -- Installing: /home/ellakiya/dev_ws/install/bot/share/bot//urdf
[1.052s] -- Installing: /home/ellakiya/dev_ws/install/bot/share/bot//urdf/my_robot.urdf
[1.052s] -- Installing: /home/ellakiya/dev_ws/install/bot/share/ament_index/resource_index/package_run_dependencies/bot
[1.052s] -- Installing: /home/ellakiya/dev_ws/install/bot/share/ament_index/resource_index/parent_prefix_path/bot
[1.052s] -- Installing: /home/ellakiya/dev_ws/install/bot/share/bot/environment/ament_prefix_path.sh
[1.052s] -- Installing: /home/ellakiya/dev_ws/install/bot/share/bot/environment/ament_prefix_path.dsv
[1.052s] -- Installing: /home/ellakiya/dev_ws/install/bot/share/bot/environment/path.sh
[1.053s] -- Installing: /home/ellakiya/dev_ws/install/bot/share/bot/environment/path.dsv
[1.053s] -- Installing: /home/ellakiya/dev_ws/install/bot/share/bot/local_setup.bash
[1.053s] -- Installing: /home/ellakiya/dev_ws/install/bot/share/bot/local_setup.sh
[1.053s] -- Installing: /home/ellakiya/dev_ws/install/bot/share/bot/local_setup.zsh
[1.053s] -- Installing: /home/ellakiya/dev_ws/install/bot/share/bot/local_setup.dsv
[1.053s] -- Installing: /home/ellakiya/dev_ws/install/bot/share/bot/package.dsv
[1.053s] -- Installing: /home/ellakiya/dev_ws/install/bot/share/ament_index/resource_index/packages/bot
[1.053s] -- Installing: /home/ellakiya/dev_ws/install/bot/share/bot/cmake/botConfig.cmake
[1.054s] -- Installing: /home/ellakiya/dev_ws/install/bot/share/bot/cmake/botConfig-version.cmake
[1.054s] -- Installing: /home/ellakiya/dev_ws/install/bot/share/bot/package.xml
[1.057s] Invoked command in '/home/ellakiya/dev_ws/build/bot' returned '0': CMAKE_PREFIX_PATH=/opt/ros/humble /usr/bin/cmake --install /home/ellakiya/dev_ws/build/bot
