-- Install configuration: ""
-- Up-to-date: /home/ellakiya/dev_ws/install/bot/share/bot//launch
-- Up-to-date: /home/ellakiya/dev_ws/install/bot/share/bot//launch/trial.launch.py
-- Installing: /home/ellakiya/dev_ws/install/bot/share/bot//launch/gazebo.launch.py
-- Up-to-date: /home/ellakiya/dev_ws/install/bot/share/bot//launch/bot.launch.py
-- Up-to-date: /home/ellakiya/dev_ws/install/bot/share/bot//launch/rviz.launch.py
-- Up-to-date: /home/ellakiya/dev_ws/install/bot/share/bot//urdf
-- Up-to-date: /home/ellakiya/dev_ws/install/bot/share/bot//urdf/my_robot.urdf
-- Up-to-date: /home/ellakiya/dev_ws/install/bot/share/ament_index/resource_index/package_run_dependencies/bot
-- Up-to-date: /home/ellakiya/dev_ws/install/bot/share/ament_index/resource_index/parent_prefix_path/bot
-- Up-to-date: /home/ellakiya/dev_ws/install/bot/share/bot/environment/ament_prefix_path.sh
-- Up-to-date: /home/ellakiya/dev_ws/install/bot/share/bot/environment/ament_prefix_path.dsv
-- Up-to-date: /home/ellakiya/dev_ws/install/bot/share/bot/environment/path.sh
-- Up-to-date: /home/ellakiya/dev_ws/install/bot/share/bot/environment/path.dsv
-- Up-to-date: /home/ellakiya/dev_ws/install/bot/share/bot/local_setup.bash
-- Up-to-date: /home/ellakiya/dev_ws/install/bot/share/bot/local_setup.sh
-- Up-to-date: /home/ellakiya/dev_ws/install/bot/share/bot/local_setup.zsh
-- Up-to-date: /home/ellakiya/dev_ws/install/bot/share/bot/local_setup.dsv
-- Up-to-date: /home/ellakiya/dev_ws/install/bot/share/bot/package.dsv
-- Up-to-date: /home/ellakiya/dev_ws/install/bot/share/ament_index/resource_index/packages/bot
-- Up-to-date: /home/ellakiya/dev_ws/install/bot/share/bot/cmake/botConfig.cmake
-- Up-to-date: /home/ellakiya/dev_ws/install/bot/share/bot/cmake/botConfig-version.cmake
-- Up-to-date: /home/ellakiya/dev_ws/install/bot/share/bot/package.xml
