[0.013s] Invoking command in '/home/ellakiya/dev_ws/build/bot': CMAKE_PREFIX_PATH=${CMAKE_PREFIX_PATH}:/opt/ros/humble /usr/bin/cmake --build /home/ellakiya/dev_ws/build/bot -- -j4 -l4
[1.529s] -- Found ament_cmake: 1.3.9 (/opt/ros/humble/share/ament_cmake/cmake)
[2.128s] -- Found ament_lint_auto: 0.12.11 (/opt/ros/humble/share/ament_lint_auto/cmake)
[2.374s] -- Added test 'flake8' to check Python code syntax and style conventions
[2.377s] -- Added test 'lint_cmake' to check CMake code style
[2.379s] -- Added test 'pep257' to check Python code against some of the docstring style conventions in PEP 257
[2.403s] -- Added test 'xmllint' to check XML markup files
[2.406s] -- Configuring done
[2.414s] -- Generating done
[2.417s] -- Build files have been written to: /home/ellakiya/dev_ws/build/bot
[2.440s] Invoked command in '/home/ellakiya/dev_ws/build/bot' returned '0': CMAKE_PREFIX_PATH=${CMAKE_PREFIX_PATH}:/opt/ros/humble /usr/bin/cmake --build /home/ellakiya/dev_ws/build/bot -- -j4 -l4
[2.458s] Invoking command in '/home/ellakiya/dev_ws/build/bot': CMAKE_PREFIX_PATH=${CMAKE_PREFIX_PATH}:/opt/ros/humble /usr/bin/cmake --install /home/ellakiya/dev_ws/build/bot
[2.464s] -- Install configuration: ""
[2.464s] -- Up-to-date: /home/ellakiya/dev_ws/install/bot/share/bot//launch
[2.464s] -- Up-to-date: /home/ellakiya/dev_ws/install/bot/share/bot//launch/trial.launch.py
[2.464s] -- Installing: /home/ellakiya/dev_ws/install/bot/share/bot//launch/gazebo.launch.py
[2.464s] -- Up-to-date: /home/ellakiya/dev_ws/install/bot/share/bot//launch/bot.launch.py
[2.464s] -- Up-to-date: /home/ellakiya/dev_ws/install/bot/share/bot//launch/rviz.launch.py
[2.464s] -- Up-to-date: /home/ellakiya/dev_ws/install/bot/share/bot//urdf
[2.464s] -- Up-to-date: /home/ellakiya/dev_ws/install/bot/share/bot//urdf/my_robot.urdf
[2.465s] -- Installing: /home/ellakiya/dev_ws/install/bot/share/ament_index/resource_index/package_run_dependencies/bot
[2.465s] -- Installing: /home/ellakiya/dev_ws/install/bot/share/ament_index/resource_index/parent_prefix_path/bot
[2.465s] -- Up-to-date: /home/ellakiya/dev_ws/install/bot/share/bot/environment/ament_prefix_path.sh
[2.465s] -- Installing: /home/ellakiya/dev_ws/install/bot/share/bot/environment/ament_prefix_path.dsv
[2.465s] -- Up-to-date: /home/ellakiya/dev_ws/install/bot/share/bot/environment/path.sh
[2.465s] -- Installing: /home/ellakiya/dev_ws/install/bot/share/bot/environment/path.dsv
[2.465s] -- Up-to-date: /home/ellakiya/dev_ws/install/bot/share/bot/local_setup.bash
[2.465s] -- Up-to-date: /home/ellakiya/dev_ws/install/bot/share/bot/local_setup.sh
[2.465s] -- Up-to-date: /home/ellakiya/dev_ws/install/bot/share/bot/local_setup.zsh
[2.465s] -- Installing: /home/ellakiya/dev_ws/install/bot/share/bot/local_setup.dsv
[2.465s] -- Installing: /home/ellakiya/dev_ws/install/bot/share/bot/package.dsv
[2.465s] -- Up-to-date: /home/ellakiya/dev_ws/install/bot/share/ament_index/resource_index/packages/bot
[2.465s] -- Up-to-date: /home/ellakiya/dev_ws/install/bot/share/bot/cmake/botConfig.cmake
[2.466s] -- Up-to-date: /home/ellakiya/dev_ws/install/bot/share/bot/cmake/botConfig-version.cmake
[2.466s] -- Installing: /home/ellakiya/dev_ws/install/bot/share/bot/package.xml
[2.468s] Invoked command in '/home/ellakiya/dev_ws/build/bot' returned '0': CMAKE_PREFIX_PATH=${CMAKE_PREFIX_PATH}:/opt/ros/humble /usr/bin/cmake --install /home/ellakiya/dev_ws/build/bot
