[31.529s] DEBUG:colcon:Command line arguments: ['/usr/bin/colcon', 'build']
[31.530s] DEBUG:colcon:Parsed command line arguments: Namespace(log_base=None, log_level=None, verb_name='build', build_base='build', install_base='install', merge_install=False, symlink_install=False, test_result_base=None, continue_on_error=False, executor='parallel', parallel_workers=4, event_handlers=None, ignore_user_meta=False, metas=['./colcon.meta'], base_paths=['.'], packages_ignore=None, packages_ignore_regex=None, paths=None, packages_up_to=None, packages_up_to_regex=None, packages_above=None, packages_above_and_dependencies=None, packages_above_depth=None, packages_select_by_dep=None, packages_skip_by_dep=None, packages_skip_up_to=None, packages_select_build_failed=False, packages_skip_build_finished=False, packages_select_test_failures=False, packages_skip_test_passed=False, packages_select=None, packages_skip=None, packages_select_regex=None, packages_skip_regex=None, packages_start=None, packages_end=None, allow_overriding=[], cmake_args=None, cmake_target=None, cmake_target_skip_unavailable=False, cmake_clean_cache=False, cmake_clean_first=False, cmake_force_configure=False, ament_cmake_args=None, catkin_cmake_args=None, catkin_skip_building_tests=False, verb_parser=<colcon_defaults.argument_parser.defaults.DefaultArgumentsDecorator object at 0x7cb89a0a8460>, verb_extension=<colcon_core.verb.build.BuildVerb object at 0x7cb89a220940>, main=<bound method BuildVerb.main of <colcon_core.verb.build.BuildVerb object at 0x7cb89a220940>>)
[54.688s] Level 1:colcon.colcon_core.package_discovery:discover_packages(colcon_meta) check parameters
[54.688s] Level 1:colcon.colcon_core.package_discovery:discover_packages(recursive) check parameters
[54.688s] Level 1:colcon.colcon_core.package_discovery:discover_packages(ignore) check parameters
[54.689s] Level 1:colcon.colcon_core.package_discovery:discover_packages(path) check parameters
[54.689s] Level 1:colcon.colcon_core.package_discovery:discover_packages(colcon_meta) discover
[54.689s] Level 1:colcon.colcon_core.package_discovery:discover_packages(recursive) discover
[54.689s] INFO:colcon.colcon_core.package_discovery:Crawling recursively for packages in '/home/ellakiya/dev_ws'
[54.690s] Level 1:colcon.colcon_core.package_identification:_identify(.) by extensions ['ignore', 'ignore_ament_install']
[54.690s] Level 1:colcon.colcon_core.package_identification:_identify(.) by extension 'ignore'
[54.690s] Level 1:colcon.colcon_core.package_identification:_identify(.) by extension 'ignore_ament_install'
[54.691s] Level 1:colcon.colcon_core.package_identification:_identify(.) by extensions ['colcon_pkg']
[54.691s] Level 1:colcon.colcon_core.package_identification:_identify(.) by extension 'colcon_pkg'
[54.691s] Level 1:colcon.colcon_core.package_identification:_identify(.) by extensions ['colcon_meta']
[54.691s] Level 1:colcon.colcon_core.package_identification:_identify(.) by extension 'colcon_meta'
[54.691s] Level 1:colcon.colcon_core.package_identification:_identify(.) by extensions ['ros']
[54.691s] Level 1:colcon.colcon_core.package_identification:_identify(.) by extension 'ros'
[55.560s] Level 1:colcon.colcon_core.package_identification:_identify(.) by extensions ['cmake', 'python']
[55.560s] Level 1:colcon.colcon_core.package_identification:_identify(.) by extension 'cmake'
[55.560s] Level 1:colcon.colcon_core.package_identification:_identify(.) by extension 'python'
[55.560s] Level 1:colcon.colcon_core.package_identification:_identify(.) by extensions ['python_setup_py']
[55.560s] Level 1:colcon.colcon_core.package_identification:_identify(.) by extension 'python_setup_py'
[55.704s] Level 1:colcon.colcon_core.package_identification:_identify(build) by extensions ['ignore', 'ignore_ament_install']
[55.704s] Level 1:colcon.colcon_core.package_identification:_identify(build) by extension 'ignore'
[55.704s] Level 1:colcon.colcon_core.package_identification:_identify(build) ignored
[55.726s] Level 1:colcon.colcon_core.package_identification:_identify(install) by extensions ['ignore', 'ignore_ament_install']
[55.727s] Level 1:colcon.colcon_core.package_identification:_identify(install) by extension 'ignore'
[55.727s] Level 1:colcon.colcon_core.package_identification:_identify(install) ignored
[55.727s] Level 1:colcon.colcon_core.package_identification:_identify(log) by extensions ['ignore', 'ignore_ament_install']
[55.728s] Level 1:colcon.colcon_core.package_identification:_identify(log) by extension 'ignore'
[55.728s] Level 1:colcon.colcon_core.package_identification:_identify(log) ignored
[55.728s] Level 1:colcon.colcon_core.package_identification:_identify(src) by extensions ['ignore', 'ignore_ament_install']
[55.728s] Level 1:colcon.colcon_core.package_identification:_identify(src) by extension 'ignore'
[55.728s] Level 1:colcon.colcon_core.package_identification:_identify(src) by extension 'ignore_ament_install'
[55.728s] Level 1:colcon.colcon_core.package_identification:_identify(src) by extensions ['colcon_pkg']
[55.728s] Level 1:colcon.colcon_core.package_identification:_identify(src) by extension 'colcon_pkg'
[55.728s] Level 1:colcon.colcon_core.package_identification:_identify(src) by extensions ['colcon_meta']
[55.729s] Level 1:colcon.colcon_core.package_identification:_identify(src) by extension 'colcon_meta'
[55.729s] Level 1:colcon.colcon_core.package_identification:_identify(src) by extensions ['ros']
[55.729s] Level 1:colcon.colcon_core.package_identification:_identify(src) by extension 'ros'
[55.729s] Level 1:colcon.colcon_core.package_identification:_identify(src) by extensions ['cmake', 'python']
[55.729s] Level 1:colcon.colcon_core.package_identification:_identify(src) by extension 'cmake'
[55.729s] Level 1:colcon.colcon_core.package_identification:_identify(src) by extension 'python'
[55.729s] Level 1:colcon.colcon_core.package_identification:_identify(src) by extensions ['python_setup_py']
[55.729s] Level 1:colcon.colcon_core.package_identification:_identify(src) by extension 'python_setup_py'
[55.729s] Level 1:colcon.colcon_core.package_identification:_identify(src/bot) by extensions ['ignore', 'ignore_ament_install']
[55.730s] Level 1:colcon.colcon_core.package_identification:_identify(src/bot) by extension 'ignore'
[55.730s] Level 1:colcon.colcon_core.package_identification:_identify(src/bot) by extension 'ignore_ament_install'
[55.730s] Level 1:colcon.colcon_core.package_identification:_identify(src/bot) by extensions ['colcon_pkg']
[55.730s] Level 1:colcon.colcon_core.package_identification:_identify(src/bot) by extension 'colcon_pkg'
[55.730s] Level 1:colcon.colcon_core.package_identification:_identify(src/bot) by extensions ['colcon_meta']
[55.730s] Level 1:colcon.colcon_core.package_identification:_identify(src/bot) by extension 'colcon_meta'
[55.730s] Level 1:colcon.colcon_core.package_identification:_identify(src/bot) by extensions ['ros']
[55.730s] Level 1:colcon.colcon_core.package_identification:_identify(src/bot) by extension 'ros'
[56.075s] DEBUG:colcon.colcon_core.package_identification:Package 'src/bot' with type 'ros.ament_cmake' and name 'bot'
[56.075s] Level 1:colcon.colcon_core.package_identification:_identify(src/my_pkg) by extensions ['ignore', 'ignore_ament_install']
[56.076s] Level 1:colcon.colcon_core.package_identification:_identify(src/my_pkg) by extension 'ignore'
[56.076s] Level 1:colcon.colcon_core.package_identification:_identify(src/my_pkg) by extension 'ignore_ament_install'
[56.076s] Level 1:colcon.colcon_core.package_identification:_identify(src/my_pkg) by extensions ['colcon_pkg']
[56.076s] Level 1:colcon.colcon_core.package_identification:_identify(src/my_pkg) by extension 'colcon_pkg'
[56.076s] Level 1:colcon.colcon_core.package_identification:_identify(src/my_pkg) by extensions ['colcon_meta']
[56.076s] Level 1:colcon.colcon_core.package_identification:_identify(src/my_pkg) by extension 'colcon_meta'
[56.076s] Level 1:colcon.colcon_core.package_identification:_identify(src/my_pkg) by extensions ['ros']
[56.076s] Level 1:colcon.colcon_core.package_identification:_identify(src/my_pkg) by extension 'ros'
[56.142s] DEBUG:colcon.colcon_core.package_identification:Package 'src/my_pkg' with type 'ros.ament_cmake' and name 'my_pkg'
[56.142s] Level 1:colcon.colcon_core.package_discovery:discover_packages(recursive) using defaults
[56.142s] Level 1:colcon.colcon_core.package_discovery:discover_packages(ignore) discover
[56.142s] Level 1:colcon.colcon_core.package_discovery:discover_packages(ignore) using defaults
[56.143s] Level 1:colcon.colcon_core.package_discovery:discover_packages(path) discover
[56.143s] Level 1:colcon.colcon_core.package_discovery:discover_packages(path) using defaults
[60.111s] Level 1:colcon.colcon_core.package_discovery:discover_packages(prefix_path) check parameters
[60.111s] Level 1:colcon.colcon_core.package_discovery:discover_packages(prefix_path) discover
[60.302s] DEBUG:colcon.colcon_installed_package_information.package_discovery:Found 386 installed packages in /opt/ros/humble
[60.307s] Level 1:colcon.colcon_core.package_discovery:discover_packages(prefix_path) using defaults
