[0.014s] Invoking command in '/home/ellakiya/dev_ws/build/my_pkg': CMAKE_PREFIX_PATH=${CMAKE_PREFIX_PATH}:/opt/ros/humble /usr/bin/cmake --build /home/ellakiya/dev_ws/build/my_pkg -- -j4 -l4
[0.058s] Invoked command in '/home/ellakiya/dev_ws/build/my_pkg' returned '0': CMAKE_PREFIX_PATH=${CMAKE_PREFIX_PATH}:/opt/ros/humble /usr/bin/cmake --build /home/ellakiya/dev_ws/build/my_pkg -- -j4 -l4
[0.079s] Invoking command in '/home/ellakiya/dev_ws/build/my_pkg': CMAKE_PREFIX_PATH=${CMAKE_PREFIX_PATH}:/opt/ros/humble /usr/bin/cmake --install /home/ellakiya/dev_ws/build/my_pkg
[0.089s] -- Install configuration: ""
[0.089s] -- Up-to-date: /home/ellakiya/dev_ws/install/my_pkg/share/ament_index/resource_index/package_run_dependencies/my_pkg
[0.089s] -- Up-to-date: /home/ellakiya/dev_ws/install/my_pkg/share/ament_index/resource_index/parent_prefix_path/my_pkg
[0.089s] -- Up-to-date: /home/ellakiya/dev_ws/install/my_pkg/share/my_pkg/environment/ament_prefix_path.sh
[0.089s] -- Up-to-date: /home/ellakiya/dev_ws/install/my_pkg/share/my_pkg/environment/ament_prefix_path.dsv
[0.089s] -- Up-to-date: /home/ellakiya/dev_ws/install/my_pkg/share/my_pkg/environment/path.sh
[0.089s] -- Up-to-date: /home/ellakiya/dev_ws/install/my_pkg/share/my_pkg/environment/path.dsv
[0.089s] -- Up-to-date: /home/ellakiya/dev_ws/install/my_pkg/share/my_pkg/local_setup.bash
[0.089s] -- Up-to-date: /home/ellakiya/dev_ws/install/my_pkg/share/my_pkg/local_setup.sh
[0.089s] -- Up-to-date: /home/ellakiya/dev_ws/install/my_pkg/share/my_pkg/local_setup.zsh
[0.089s] -- Up-to-date: /home/ellakiya/dev_ws/install/my_pkg/share/my_pkg/local_setup.dsv
[0.089s] -- Installing: /home/ellakiya/dev_ws/install/my_pkg/share/my_pkg/package.dsv
[0.090s] -- Up-to-date: /home/ellakiya/dev_ws/install/my_pkg/share/ament_index/resource_index/packages/my_pkg
[0.090s] -- Up-to-date: /home/ellakiya/dev_ws/install/my_pkg/share/my_pkg/cmake/my_pkgConfig.cmake
[0.090s] -- Up-to-date: /home/ellakiya/dev_ws/install/my_pkg/share/my_pkg/cmake/my_pkgConfig-version.cmake
[0.090s] -- Up-to-date: /home/ellakiya/dev_ws/install/my_pkg/share/my_pkg/package.xml
[0.101s] Invoked command in '/home/ellakiya/dev_ws/build/my_pkg' returned '0': CMAKE_PREFIX_PATH=${CMAKE_PREFIX_PATH}:/opt/ros/humble /usr/bin/cmake --install /home/ellakiya/dev_ws/build/my_pkg
