[0.064s] Invoking command in '/home/ellakiya/dev_ws/build/my_pkg': CMAKE_PREFIX_PATH=${CMAKE_PREFIX_PATH}:/opt/ros/humble /usr/bin/cmake --build /home/ellakiya/dev_ws/build/my_pkg -- -j4 -l4
[0.220s] Invoked command in '/home/ellakiya/dev_ws/build/my_pkg' returned '0': CMAKE_PREFIX_PATH=${CMAKE_PREFIX_PATH}:/opt/ros/humble /usr/bin/cmake --build /home/ellakiya/dev_ws/build/my_pkg -- -j4 -l4
[0.324s] Invoking command in '/home/ellakiya/dev_ws/build/my_pkg': CMAKE_PREFIX_PATH=${CMAKE_PREFIX_PATH}:/opt/ros/humble /usr/bin/cmake --install /home/ellakiya/dev_ws/build/my_pkg
[0.352s] -- Install configuration: ""
[0.353s] -- Up-to-date: /home/ellakiya/dev_ws/install/my_pkg/share/ament_index/resource_index/package_run_dependencies/my_pkg
[0.353s] -- Up-to-date: /home/ellakiya/dev_ws/install/my_pkg/share/ament_index/resource_index/parent_prefix_path/my_pkg
[0.359s] -- Up-to-date: /home/ellakiya/dev_ws/install/my_pkg/share/my_pkg/environment/ament_prefix_path.sh
[0.364s] -- Up-to-date: /home/ellakiya/dev_ws/install/my_pkg/share/my_pkg/environment/ament_prefix_path.dsv
[0.366s] -- Up-to-date: /home/ellakiya/dev_ws/install/my_pkg/share/my_pkg/environment/path.sh
[0.366s] -- Up-to-date: /home/ellakiya/dev_ws/install/my_pkg/share/my_pkg/environment/path.dsv
[0.366s] -- Up-to-date: /home/ellakiya/dev_ws/install/my_pkg/share/my_pkg/local_setup.bash
[0.382s] -- Up-to-date: /home/ellakiya/dev_ws/install/my_pkg/share/my_pkg/local_setup.sh
[0.382s] -- Up-to-date: /home/ellakiya/dev_ws/install/my_pkg/share/my_pkg/local_setup.zsh
[0.382s] -- Up-to-date: /home/ellakiya/dev_ws/install/my_pkg/share/my_pkg/local_setup.dsv
[0.382s] -- Installing: /home/ellakiya/dev_ws/install/my_pkg/share/my_pkg/package.dsv
[0.384s] -- Up-to-date: /home/ellakiya/dev_ws/install/my_pkg/share/ament_index/resource_index/packages/my_pkg
[0.385s] -- Up-to-date: /home/ellakiya/dev_ws/install/my_pkg/share/my_pkg/cmake/my_pkgConfig.cmake
[0.392s] -- Up-to-date: /home/ellakiya/dev_ws/install/my_pkg/share/my_pkg/cmake/my_pkgConfig-version.cmake
[0.392s] -- Up-to-date: /home/ellakiya/dev_ws/install/my_pkg/share/my_pkg/package.xml
[0.430s] Invoked command in '/home/ellakiya/dev_ws/build/my_pkg' returned '0': CMAKE_PREFIX_PATH=${CMAKE_PREFIX_PATH}:/opt/ros/humble /usr/bin/cmake --install /home/ellakiya/dev_ws/build/my_pkg
