[0.183s] DEBUG:colcon:Command line arguments: ['/usr/bin/colcon', 'build']
[0.184s] DEBUG:colcon:Parsed command line arguments: Namespace(log_base=None, log_level=None, verb_name='build', build_base='build', install_base='install', merge_install=False, symlink_install=False, test_result_base=None, continue_on_error=False, executor='parallel', parallel_workers=4, event_handlers=None, ignore_user_meta=False, metas=['./colcon.meta'], base_paths=['.'], packages_ignore=None, packages_ignore_regex=None, paths=None, packages_up_to=None, packages_up_to_regex=None, packages_above=None, packages_above_and_dependencies=None, packages_above_depth=None, packages_select_by_dep=None, packages_skip_by_dep=None, packages_skip_up_to=None, packages_select_build_failed=False, packages_skip_build_finished=False, packages_select_test_failures=False, packages_skip_test_passed=False, packages_select=None, packages_skip=None, packages_select_regex=None, packages_skip_regex=None, packages_start=None, packages_end=None, allow_overriding=[], cmake_args=None, cmake_target=None, cmake_target_skip_unavailable=False, cmake_clean_cache=False, cmake_clean_first=False, cmake_force_configure=False, ament_cmake_args=None, catkin_cmake_args=None, catkin_skip_building_tests=False, verb_parser=<colcon_defaults.argument_parser.defaults.DefaultArgumentsDecorator object at 0x73e25bcbd0c0>, verb_extension=<colcon_core.verb.build.BuildVerb object at 0x73e25be2d570>, main=<bound method BuildVerb.main of <colcon_core.verb.build.BuildVerb object at 0x73e25be2d570>>)
[0.468s] Level 1:colcon.colcon_core.package_discovery:discover_packages(colcon_meta) check parameters
[0.468s] Level 1:colcon.colcon_core.package_discovery:discover_packages(recursive) check parameters
[0.468s] Level 1:colcon.colcon_core.package_discovery:discover_packages(ignore) check parameters
[0.468s] Level 1:colcon.colcon_core.package_discovery:discover_packages(path) check parameters
[0.468s] Level 1:colcon.colcon_core.package_discovery:discover_packages(colcon_meta) discover
[0.468s] Level 1:colcon.colcon_core.package_discovery:discover_packages(recursive) discover
[0.468s] INFO:colcon.colcon_core.package_discovery:Crawling recursively for packages in '/home/ellakiya/dev_ws'
[0.468s] Level 1:colcon.colcon_core.package_identification:_identify(.) by extensions ['ignore', 'ignore_ament_install']
[0.469s] Level 1:colcon.colcon_core.package_identification:_identify(.) by extension 'ignore'
[0.469s] Level 1:colcon.colcon_core.package_identification:_identify(.) by extension 'ignore_ament_install'
[0.469s] Level 1:colcon.colcon_core.package_identification:_identify(.) by extensions ['colcon_pkg']
[0.469s] Level 1:colcon.colcon_core.package_identification:_identify(.) by extension 'colcon_pkg'
[0.469s] Level 1:colcon.colcon_core.package_identification:_identify(.) by extensions ['colcon_meta']
[0.469s] Level 1:colcon.colcon_core.package_identification:_identify(.) by extension 'colcon_meta'
[0.469s] Level 1:colcon.colcon_core.package_identification:_identify(.) by extensions ['ros']
[0.469s] Level 1:colcon.colcon_core.package_identification:_identify(.) by extension 'ros'
[0.493s] Level 1:colcon.colcon_core.package_identification:_identify(.) by extensions ['cmake', 'python']
[0.493s] Level 1:colcon.colcon_core.package_identification:_identify(.) by extension 'cmake'
[0.493s] Level 1:colcon.colcon_core.package_identification:_identify(.) by extension 'python'
[0.493s] Level 1:colcon.colcon_core.package_identification:_identify(.) by extensions ['python_setup_py']
[0.493s] Level 1:colcon.colcon_core.package_identification:_identify(.) by extension 'python_setup_py'
[0.493s] Level 1:colcon.colcon_core.package_identification:_identify(build) by extensions ['ignore', 'ignore_ament_install']
[0.493s] Level 1:colcon.colcon_core.package_identification:_identify(build) by extension 'ignore'
[0.493s] Level 1:colcon.colcon_core.package_identification:_identify(build) ignored
[0.494s] Level 1:colcon.colcon_core.package_identification:_identify(install) by extensions ['ignore', 'ignore_ament_install']
[0.494s] Level 1:colcon.colcon_core.package_identification:_identify(install) by extension 'ignore'
[0.494s] Level 1:colcon.colcon_core.package_identification:_identify(install) ignored
[0.494s] Level 1:colcon.colcon_core.package_identification:_identify(log) by extensions ['ignore', 'ignore_ament_install']
[0.494s] Level 1:colcon.colcon_core.package_identification:_identify(log) by extension 'ignore'
[0.494s] Level 1:colcon.colcon_core.package_identification:_identify(log) ignored
[0.494s] Level 1:colcon.colcon_core.package_identification:_identify(src) by extensions ['ignore', 'ignore_ament_install']
[0.495s] Level 1:colcon.colcon_core.package_identification:_identify(src) by extension 'ignore'
[0.495s] Level 1:colcon.colcon_core.package_identification:_identify(src) by extension 'ignore_ament_install'
[0.495s] Level 1:colcon.colcon_core.package_identification:_identify(src) by extensions ['colcon_pkg']
[0.495s] Level 1:colcon.colcon_core.package_identification:_identify(src) by extension 'colcon_pkg'
[0.495s] Level 1:colcon.colcon_core.package_identification:_identify(src) by extensions ['colcon_meta']
[0.495s] Level 1:colcon.colcon_core.package_identification:_identify(src) by extension 'colcon_meta'
[0.495s] Level 1:colcon.colcon_core.package_identification:_identify(src) by extensions ['ros']
[0.495s] Level 1:colcon.colcon_core.package_identification:_identify(src) by extension 'ros'
[0.495s] Level 1:colcon.colcon_core.package_identification:_identify(src) by extensions ['cmake', 'python']
[0.495s] Level 1:colcon.colcon_core.package_identification:_identify(src) by extension 'cmake'
[0.495s] Level 1:colcon.colcon_core.package_identification:_identify(src) by extension 'python'
[0.495s] Level 1:colcon.colcon_core.package_identification:_identify(src) by extensions ['python_setup_py']
[0.495s] Level 1:colcon.colcon_core.package_identification:_identify(src) by extension 'python_setup_py'
[0.495s] Level 1:colcon.colcon_core.package_identification:_identify(src/bot) by extensions ['ignore', 'ignore_ament_install']
[0.496s] Level 1:colcon.colcon_core.package_identification:_identify(src/bot) by extension 'ignore'
[0.496s] Level 1:colcon.colcon_core.package_identification:_identify(src/bot) by extension 'ignore_ament_install'
[0.496s] Level 1:colcon.colcon_core.package_identification:_identify(src/bot) by extensions ['colcon_pkg']
[0.496s] Level 1:colcon.colcon_core.package_identification:_identify(src/bot) by extension 'colcon_pkg'
[0.496s] Level 1:colcon.colcon_core.package_identification:_identify(src/bot) by extensions ['colcon_meta']
[0.496s] Level 1:colcon.colcon_core.package_identification:_identify(src/bot) by extension 'colcon_meta'
[0.496s] Level 1:colcon.colcon_core.package_identification:_identify(src/bot) by extensions ['ros']
[0.496s] Level 1:colcon.colcon_core.package_identification:_identify(src/bot) by extension 'ros'
[0.498s] DEBUG:colcon.colcon_core.package_identification:Package 'src/bot' with type 'ros.ament_cmake' and name 'bot'
[0.498s] Level 1:colcon.colcon_core.package_identification:_identify(src/my_pkg) by extensions ['ignore', 'ignore_ament_install']
[0.499s] Level 1:colcon.colcon_core.package_identification:_identify(src/my_pkg) by extension 'ignore'
[0.499s] Level 1:colcon.colcon_core.package_identification:_identify(src/my_pkg) by extension 'ignore_ament_install'
[0.499s] Level 1:colcon.colcon_core.package_identification:_identify(src/my_pkg) by extensions ['colcon_pkg']
[0.499s] Level 1:colcon.colcon_core.package_identification:_identify(src/my_pkg) by extension 'colcon_pkg'
[0.499s] Level 1:colcon.colcon_core.package_identification:_identify(src/my_pkg) by extensions ['colcon_meta']
[0.499s] Level 1:colcon.colcon_core.package_identification:_identify(src/my_pkg) by extension 'colcon_meta'
[0.499s] Level 1:colcon.colcon_core.package_identification:_identify(src/my_pkg) by extensions ['ros']
[0.499s] Level 1:colcon.colcon_core.package_identification:_identify(src/my_pkg) by extension 'ros'
[0.499s] DEBUG:colcon.colcon_core.package_identification:Package 'src/my_pkg' with type 'ros.ament_cmake' and name 'my_pkg'
[0.499s] Level 1:colcon.colcon_core.package_discovery:discover_packages(recursive) using defaults
[0.500s] Level 1:colcon.colcon_core.package_discovery:discover_packages(ignore) discover
[0.500s] Level 1:colcon.colcon_core.package_discovery:discover_packages(ignore) using defaults
[0.500s] Level 1:colcon.colcon_core.package_discovery:discover_packages(path) discover
[0.500s] Level 1:colcon.colcon_core.package_discovery:discover_packages(path) using defaults
[0.543s] Level 1:colcon.colcon_core.package_discovery:discover_packages(prefix_path) check parameters
[0.543s] Level 1:colcon.colcon_core.package_discovery:discover_packages(prefix_path) discover
[0.545s] DEBUG:colcon.colcon_installed_package_information.package_discovery:Found 2 installed packages in /home/ellakiya/dev_ws/install
[0.547s] DEBUG:colcon.colcon_installed_package_information.package_discovery:Found 464 installed packages in /opt/ros/humble
[0.575s] Level 1:colcon.colcon_core.package_discovery:discover_packages(prefix_path) using defaults
[0.659s] Level 5:colcon.colcon_core.verb:set package 'bot' build argument 'cmake_args' from command line to 'None'
[0.659s] Level 5:colcon.colcon_core.verb:set package 'bot' build argument 'cmake_target' from command line to 'None'
[0.659s] Level 5:colcon.colcon_core.verb:set package 'bot' build argument 'cmake_target_skip_unavailable' from command line to 'False'
[0.659s] Level 5:colcon.colcon_core.verb:set package 'bot' build argument 'cmake_clean_cache' from command line to 'False'
[0.659s] Level 5:colcon.colcon_core.verb:set package 'bot' build argument 'cmake_clean_first' from command line to 'False'
[0.659s] Level 5:colcon.colcon_core.verb:set package 'bot' build argument 'cmake_force_configure' from command line to 'False'
[0.659s] Level 5:colcon.colcon_core.verb:set package 'bot' build argument 'ament_cmake_args' from command line to 'None'
[0.659s] Level 5:colcon.colcon_core.verb:set package 'bot' build argument 'catkin_cmake_args' from command line to 'None'
[0.659s] Level 5:colcon.colcon_core.verb:set package 'bot' build argument 'catkin_skip_building_tests' from command line to 'False'
[0.659s] DEBUG:colcon.colcon_core.verb:Building package 'bot' with the following arguments: {'ament_cmake_args': None, 'build_base': '/home/ellakiya/dev_ws/build/bot', 'catkin_cmake_args': None, 'catkin_skip_building_tests': False, 'cmake_args': None, 'cmake_clean_cache': False, 'cmake_clean_first': False, 'cmake_force_configure': False, 'cmake_target': None, 'cmake_target_skip_unavailable': False, 'install_base': '/home/ellakiya/dev_ws/install/bot', 'merge_install': False, 'path': '/home/ellakiya/dev_ws/src/bot', 'symlink_install': False, 'test_result_base': None}
[0.659s] Level 5:colcon.colcon_core.verb:set package 'my_pkg' build argument 'cmake_args' from command line to 'None'
[0.659s] Level 5:colcon.colcon_core.verb:set package 'my_pkg' build argument 'cmake_target' from command line to 'None'
[0.659s] Level 5:colcon.colcon_core.verb:set package 'my_pkg' build argument 'cmake_target_skip_unavailable' from command line to 'False'
[0.659s] Level 5:colcon.colcon_core.verb:set package 'my_pkg' build argument 'cmake_clean_cache' from command line to 'False'
[0.659s] Level 5:colcon.colcon_core.verb:set package 'my_pkg' build argument 'cmake_clean_first' from command line to 'False'
[0.659s] Level 5:colcon.colcon_core.verb:set package 'my_pkg' build argument 'cmake_force_configure' from command line to 'False'
[0.659s] Level 5:colcon.colcon_core.verb:set package 'my_pkg' build argument 'ament_cmake_args' from command line to 'None'
[0.660s] Level 5:colcon.colcon_core.verb:set package 'my_pkg' build argument 'catkin_cmake_args' from command line to 'None'
[0.660s] Level 5:colcon.colcon_core.verb:set package 'my_pkg' build argument 'catkin_skip_building_tests' from command line to 'False'
[0.660s] DEBUG:colcon.colcon_core.verb:Building package 'my_pkg' with the following arguments: {'ament_cmake_args': None, 'build_base': '/home/ellakiya/dev_ws/build/my_pkg', 'catkin_cmake_args': None, 'catkin_skip_building_tests': False, 'cmake_args': None, 'cmake_clean_cache': False, 'cmake_clean_first': False, 'cmake_force_configure': False, 'cmake_target': None, 'cmake_target_skip_unavailable': False, 'install_base': '/home/ellakiya/dev_ws/install/my_pkg', 'merge_install': False, 'path': '/home/ellakiya/dev_ws/src/my_pkg', 'symlink_install': False, 'test_result_base': None}
[0.660s] INFO:colcon.colcon_core.executor:Executing jobs using 'parallel' executor
[0.661s] DEBUG:colcon.colcon_parallel_executor.executor.parallel:run_until_complete
[0.661s] INFO:colcon.colcon_ros.task.ament_cmake.build:Building ROS package in '/home/ellakiya/dev_ws/src/bot' with build type 'ament_cmake'
[0.661s] INFO:colcon.colcon_cmake.task.cmake.build:Building CMake package in '/home/ellakiya/dev_ws/src/bot'
[0.663s] INFO:colcon.colcon_core.plugin_system:Skipping extension 'colcon_core.shell.bat': Not used on non-Windows systems
[0.663s] INFO:colcon.colcon_core.shell:Skip shell extension 'powershell' for command environment: Not usable outside of PowerShell
[0.663s] DEBUG:colcon.colcon_core.shell:Skip shell extension 'dsv' for command environment
[0.674s] INFO:colcon.colcon_ros.task.ament_cmake.build:Building ROS package in '/home/ellakiya/dev_ws/src/my_pkg' with build type 'ament_cmake'
[0.674s] INFO:colcon.colcon_cmake.task.cmake.build:Building CMake package in '/home/ellakiya/dev_ws/src/my_pkg'
[0.675s] INFO:colcon.colcon_core.shell:Skip shell extension 'powershell' for command environment: Not usable outside of PowerShell
[0.675s] DEBUG:colcon.colcon_core.shell:Skip shell extension 'dsv' for command environment
[0.689s] DEBUG:colcon.colcon_core.event_handler.log_command:Invoking command in '/home/ellakiya/dev_ws/build/bot': CMAKE_PREFIX_PATH=${CMAKE_PREFIX_PATH}:/opt/ros/humble /usr/bin/cmake --build /home/ellakiya/dev_ws/build/bot -- -j4 -l4
[0.702s] DEBUG:colcon.colcon_core.event_handler.log_command:Invoking command in '/home/ellakiya/dev_ws/build/my_pkg': CMAKE_PREFIX_PATH=${CMAKE_PREFIX_PATH}:/opt/ros/humble /usr/bin/cmake --build /home/ellakiya/dev_ws/build/my_pkg -- -j4 -l4
[0.775s] DEBUG:colcon.colcon_core.event_handler.log_command:Invoked command in '/home/ellakiya/dev_ws/build/bot' returned '0': CMAKE_PREFIX_PATH=${CMAKE_PREFIX_PATH}:/opt/ros/humble /usr/bin/cmake --build /home/ellakiya/dev_ws/build/bot -- -j4 -l4
[0.788s] DEBUG:colcon.colcon_core.event_handler.log_command:Invoked command in '/home/ellakiya/dev_ws/build/my_pkg' returned '0': CMAKE_PREFIX_PATH=${CMAKE_PREFIX_PATH}:/opt/ros/humble /usr/bin/cmake --build /home/ellakiya/dev_ws/build/my_pkg -- -j4 -l4
[0.866s] DEBUG:colcon.colcon_core.event_handler.log_command:Invoking command in '/home/ellakiya/dev_ws/build/bot': CMAKE_PREFIX_PATH=${CMAKE_PREFIX_PATH}:/opt/ros/humble /usr/bin/cmake --install /home/ellakiya/dev_ws/build/bot
[0.869s] DEBUG:colcon.colcon_core.event_handler.log_command:Invoking command in '/home/ellakiya/dev_ws/build/my_pkg': CMAKE_PREFIX_PATH=${CMAKE_PREFIX_PATH}:/opt/ros/humble /usr/bin/cmake --install /home/ellakiya/dev_ws/build/my_pkg
[0.887s] Level 1:colcon.colcon_core.environment:create_environment_scripts_only(bot)
[0.894s] DEBUG:colcon.colcon_core.event_handler.log_command:Invoked command in '/home/ellakiya/dev_ws/build/bot' returned '0': CMAKE_PREFIX_PATH=${CMAKE_PREFIX_PATH}:/opt/ros/humble /usr/bin/cmake --install /home/ellakiya/dev_ws/build/bot
[0.900s] Level 1:colcon.colcon_core.environment:checking '/home/ellakiya/dev_ws/install/bot' for CMake module files
[0.901s] Level 1:colcon.colcon_core.environment:checking '/home/ellakiya/dev_ws/install/bot' for CMake config files
[0.901s] Level 1:colcon.colcon_core.shell:create_environment_hook('bot', 'cmake_prefix_path')
[0.901s] INFO:colcon.colcon_core.shell:Creating environment hook '/home/ellakiya/dev_ws/install/bot/share/bot/hook/cmake_prefix_path.ps1'
[0.902s] INFO:colcon.colcon_core.shell:Creating environment descriptor '/home/ellakiya/dev_ws/install/bot/share/bot/hook/cmake_prefix_path.dsv'
[0.903s] INFO:colcon.colcon_core.shell:Creating environment hook '/home/ellakiya/dev_ws/install/bot/share/bot/hook/cmake_prefix_path.sh'
[0.909s] Level 1:colcon.colcon_core.environment:checking '/home/ellakiya/dev_ws/install/bot/bin'
[0.909s] Level 1:colcon.colcon_core.environment:checking '/home/ellakiya/dev_ws/install/bot/lib/pkgconfig/bot.pc'
[0.909s] Level 1:colcon.colcon_core.environment:checking '/home/ellakiya/dev_ws/install/bot/lib/python3.10/site-packages'
[0.910s] Level 1:colcon.colcon_core.environment:checking '/home/ellakiya/dev_ws/install/bot/bin'
[0.911s] INFO:colcon.colcon_core.shell:Creating package script '/home/ellakiya/dev_ws/install/bot/share/bot/package.ps1'
[0.912s] INFO:colcon.colcon_core.shell:Creating package descriptor '/home/ellakiya/dev_ws/install/bot/share/bot/package.dsv'
[0.912s] INFO:colcon.colcon_core.shell:Creating package script '/home/ellakiya/dev_ws/install/bot/share/bot/package.sh'
[0.913s] INFO:colcon.colcon_core.shell:Creating package script '/home/ellakiya/dev_ws/install/bot/share/bot/package.bash'
[0.914s] INFO:colcon.colcon_core.shell:Creating package script '/home/ellakiya/dev_ws/install/bot/share/bot/package.zsh'
[0.914s] Level 1:colcon.colcon_core.environment:create_file_with_runtime_dependencies(/home/ellakiya/dev_ws/install/bot/share/colcon-core/packages/bot)
[0.917s] Level 1:colcon.colcon_core.environment:create_environment_scripts_only(my_pkg)
[0.918s] Level 1:colcon.colcon_core.environment:checking '/home/ellakiya/dev_ws/install/my_pkg' for CMake module files
[0.919s] Level 1:colcon.colcon_core.environment:checking '/home/ellakiya/dev_ws/install/my_pkg' for CMake config files
[0.919s] Level 1:colcon.colcon_core.shell:create_environment_hook('my_pkg', 'cmake_prefix_path')
[0.919s] INFO:colcon.colcon_core.shell:Creating environment hook '/home/ellakiya/dev_ws/install/my_pkg/share/my_pkg/hook/cmake_prefix_path.ps1'
[0.925s] DEBUG:colcon.colcon_core.event_handler.log_command:Invoked command in '/home/ellakiya/dev_ws/build/my_pkg' returned '0': CMAKE_PREFIX_PATH=${CMAKE_PREFIX_PATH}:/opt/ros/humble /usr/bin/cmake --install /home/ellakiya/dev_ws/build/my_pkg
[0.926s] INFO:colcon.colcon_core.shell:Creating environment descriptor '/home/ellakiya/dev_ws/install/my_pkg/share/my_pkg/hook/cmake_prefix_path.dsv'
[0.928s] INFO:colcon.colcon_core.shell:Creating environment hook '/home/ellakiya/dev_ws/install/my_pkg/share/my_pkg/hook/cmake_prefix_path.sh'
[0.930s] Level 1:colcon.colcon_core.environment:checking '/home/ellakiya/dev_ws/install/my_pkg/bin'
[0.930s] Level 1:colcon.colcon_core.environment:checking '/home/ellakiya/dev_ws/install/my_pkg/lib/pkgconfig/my_pkg.pc'
[0.930s] Level 1:colcon.colcon_core.environment:checking '/home/ellakiya/dev_ws/install/my_pkg/lib/python3.10/site-packages'
[0.930s] Level 1:colcon.colcon_core.environment:checking '/home/ellakiya/dev_ws/install/my_pkg/bin'
[0.931s] INFO:colcon.colcon_core.shell:Creating package script '/home/ellakiya/dev_ws/install/my_pkg/share/my_pkg/package.ps1'
[0.932s] INFO:colcon.colcon_core.shell:Creating package descriptor '/home/ellakiya/dev_ws/install/my_pkg/share/my_pkg/package.dsv'
[0.933s] INFO:colcon.colcon_core.shell:Creating package script '/home/ellakiya/dev_ws/install/my_pkg/share/my_pkg/package.sh'
[0.933s] INFO:colcon.colcon_core.shell:Creating package script '/home/ellakiya/dev_ws/install/my_pkg/share/my_pkg/package.bash'
[0.934s] INFO:colcon.colcon_core.shell:Creating package script '/home/ellakiya/dev_ws/install/my_pkg/share/my_pkg/package.zsh'
[0.934s] Level 1:colcon.colcon_core.environment:create_file_with_runtime_dependencies(/home/ellakiya/dev_ws/install/my_pkg/share/colcon-core/packages/my_pkg)
[0.964s] Level 1:colcon.colcon_core.environment:create_environment_scripts_only(bot)
[0.965s] Level 1:colcon.colcon_core.environment:checking '/home/ellakiya/dev_ws/install/bot' for CMake module files
[0.966s] Level 1:colcon.colcon_core.environment:checking '/home/ellakiya/dev_ws/install/bot' for CMake config files
[0.966s] Level 1:colcon.colcon_core.shell:create_environment_hook('bot', 'cmake_prefix_path')
[0.966s] INFO:colcon.colcon_core.shell:Creating environment hook '/home/ellakiya/dev_ws/install/bot/share/bot/hook/cmake_prefix_path.ps1'
[0.972s] INFO:colcon.colcon_core.shell:Creating environment descriptor '/home/ellakiya/dev_ws/install/bot/share/bot/hook/cmake_prefix_path.dsv'
[0.974s] INFO:colcon.colcon_core.shell:Creating environment hook '/home/ellakiya/dev_ws/install/bot/share/bot/hook/cmake_prefix_path.sh'
[0.976s] Level 1:colcon.colcon_core.environment:checking '/home/ellakiya/dev_ws/install/bot/bin'
[0.976s] Level 1:colcon.colcon_core.environment:checking '/home/ellakiya/dev_ws/install/bot/lib/pkgconfig/bot.pc'
[0.976s] Level 1:colcon.colcon_core.environment:checking '/home/ellakiya/dev_ws/install/bot/lib/python3.10/site-packages'
[0.976s] Level 1:colcon.colcon_core.environment:checking '/home/ellakiya/dev_ws/install/bot/bin'
[0.977s] INFO:colcon.colcon_core.shell:Creating package script '/home/ellakiya/dev_ws/install/bot/share/bot/package.ps1'
[0.978s] INFO:colcon.colcon_core.shell:Creating package descriptor '/home/ellakiya/dev_ws/install/bot/share/bot/package.dsv'
[0.978s] INFO:colcon.colcon_core.shell:Creating package script '/home/ellakiya/dev_ws/install/bot/share/bot/package.sh'
[0.980s] INFO:colcon.colcon_core.shell:Creating package script '/home/ellakiya/dev_ws/install/bot/share/bot/package.bash'
[0.981s] INFO:colcon.colcon_core.shell:Creating package script '/home/ellakiya/dev_ws/install/bot/share/bot/package.zsh'
[0.982s] Level 1:colcon.colcon_core.environment:create_file_with_runtime_dependencies(/home/ellakiya/dev_ws/install/bot/share/colcon-core/packages/bot)
[0.983s] Level 1:colcon.colcon_core.environment:create_environment_scripts_only(my_pkg)
[0.989s] Level 1:colcon.colcon_core.environment:checking '/home/ellakiya/dev_ws/install/my_pkg' for CMake module files
[0.991s] Level 1:colcon.colcon_core.environment:checking '/home/ellakiya/dev_ws/install/my_pkg' for CMake config files
[0.992s] Level 1:colcon.colcon_core.shell:create_environment_hook('my_pkg', 'cmake_prefix_path')
[0.993s] INFO:colcon.colcon_core.shell:Creating environment hook '/home/ellakiya/dev_ws/install/my_pkg/share/my_pkg/hook/cmake_prefix_path.ps1'
[0.994s] INFO:colcon.colcon_core.shell:Creating environment descriptor '/home/ellakiya/dev_ws/install/my_pkg/share/my_pkg/hook/cmake_prefix_path.dsv'
[0.994s] INFO:colcon.colcon_core.shell:Creating environment hook '/home/ellakiya/dev_ws/install/my_pkg/share/my_pkg/hook/cmake_prefix_path.sh'
[0.995s] Level 1:colcon.colcon_core.environment:checking '/home/ellakiya/dev_ws/install/my_pkg/bin'
[0.995s] Level 1:colcon.colcon_core.environment:checking '/home/ellakiya/dev_ws/install/my_pkg/lib/pkgconfig/my_pkg.pc'
[0.995s] Level 1:colcon.colcon_core.environment:checking '/home/ellakiya/dev_ws/install/my_pkg/lib/python3.10/site-packages'
[0.996s] Level 1:colcon.colcon_core.environment:checking '/home/ellakiya/dev_ws/install/my_pkg/bin'
[0.996s] INFO:colcon.colcon_core.shell:Creating package script '/home/ellakiya/dev_ws/install/my_pkg/share/my_pkg/package.ps1'
[1.084s] INFO:colcon.colcon_core.shell:Creating package descriptor '/home/ellakiya/dev_ws/install/my_pkg/share/my_pkg/package.dsv'
[1.087s] INFO:colcon.colcon_core.shell:Creating package script '/home/ellakiya/dev_ws/install/my_pkg/share/my_pkg/package.sh'
[1.088s] INFO:colcon.colcon_core.shell:Creating package script '/home/ellakiya/dev_ws/install/my_pkg/share/my_pkg/package.bash'
[1.089s] INFO:colcon.colcon_core.shell:Creating package script '/home/ellakiya/dev_ws/install/my_pkg/share/my_pkg/package.zsh'
[1.092s] Level 1:colcon.colcon_core.environment:create_file_with_runtime_dependencies(/home/ellakiya/dev_ws/install/my_pkg/share/colcon-core/packages/my_pkg)
[1.092s] DEBUG:colcon.colcon_parallel_executor.executor.parallel:closing loop
[1.093s] DEBUG:colcon.colcon_parallel_executor.executor.parallel:loop closed
[1.093s] DEBUG:colcon.colcon_parallel_executor.executor.parallel:run_until_complete finished with '0'
[1.093s] DEBUG:colcon.colcon_core.event_reactor:joining thread
[1.110s] INFO:colcon.colcon_core.plugin_system:Skipping extension 'colcon_notification.desktop_notification.terminal_notifier': Not used on non-Darwin systems
[1.110s] INFO:colcon.colcon_core.plugin_system:Skipping extension 'colcon_notification.desktop_notification.win32': Not used on non-Windows systems
[1.110s] INFO:colcon.colcon_notification.desktop_notification:Sending desktop notification using 'notify2'
[1.141s] DEBUG:colcon.colcon_core.event_reactor:joined thread
[1.141s] INFO:colcon.colcon_core.shell:Creating prefix script '/home/ellakiya/dev_ws/install/local_setup.ps1'
[1.142s] INFO:colcon.colcon_core.shell:Creating prefix util module '/home/ellakiya/dev_ws/install/_local_setup_util_ps1.py'
[1.149s] INFO:colcon.colcon_core.shell:Creating prefix chain script '/home/ellakiya/dev_ws/install/setup.ps1'
[1.151s] INFO:colcon.colcon_core.shell:Creating prefix script '/home/ellakiya/dev_ws/install/local_setup.sh'
[1.152s] INFO:colcon.colcon_core.shell:Creating prefix util module '/home/ellakiya/dev_ws/install/_local_setup_util_sh.py'
[1.153s] INFO:colcon.colcon_core.shell:Creating prefix chain script '/home/ellakiya/dev_ws/install/setup.sh'
[1.155s] INFO:colcon.colcon_core.shell:Creating prefix script '/home/ellakiya/dev_ws/install/local_setup.bash'
[1.155s] INFO:colcon.colcon_core.shell:Creating prefix chain script '/home/ellakiya/dev_ws/install/setup.bash'
[1.156s] INFO:colcon.colcon_core.shell:Creating prefix script '/home/ellakiya/dev_ws/install/local_setup.zsh'
[1.157s] INFO:colcon.colcon_core.shell:Creating prefix chain script '/home/ellakiya/dev_ws/install/setup.zsh'
