[0.046s] Invoking command in '/home/ellakiya/dev_ws/build/my_pkg': CMAKE_PREFIX_PATH=${CMAKE_PREFIX_PATH}:/opt/ros/humble /usr/bin/cmake --build /home/ellakiya/dev_ws/build/my_pkg -- -j4 -l4
[0.156s] Invoked command in '/home/ellakiya/dev_ws/build/my_pkg' returned '0': CMAKE_PREFIX_PATH=${CMAKE_PREFIX_PATH}:/opt/ros/humble /usr/bin/cmake --build /home/ellakiya/dev_ws/build/my_pkg -- -j4 -l4
[0.233s] Invoking command in '/home/ellakiya/dev_ws/build/my_pkg': CMAKE_PREFIX_PATH=${CMAKE_PREFIX_PATH}:/opt/ros/humble /usr/bin/cmake --install /home/ellakiya/dev_ws/build/my_pkg
[0.250s] -- Install configuration: ""
[0.251s] -- Up-to-date: /home/ellakiya/dev_ws/install/my_pkg/share/ament_index/resource_index/package_run_dependencies/my_pkg
[0.252s] -- Up-to-date: /home/ellakiya/dev_ws/install/my_pkg/share/ament_index/resource_index/parent_prefix_path/my_pkg
[0.252s] -- Up-to-date: /home/ellakiya/dev_ws/install/my_pkg/share/my_pkg/environment/ament_prefix_path.sh
[0.252s] -- Up-to-date: /home/ellakiya/dev_ws/install/my_pkg/share/my_pkg/environment/ament_prefix_path.dsv
[0.253s] -- Up-to-date: /home/ellakiya/dev_ws/install/my_pkg/share/my_pkg/environment/path.sh
[0.253s] -- Up-to-date: /home/ellakiya/dev_ws/install/my_pkg/share/my_pkg/environment/path.dsv
[0.253s] -- Up-to-date: /home/ellakiya/dev_ws/install/my_pkg/share/my_pkg/local_setup.bash
[0.253s] -- Up-to-date: /home/ellakiya/dev_ws/install/my_pkg/share/my_pkg/local_setup.sh
[0.254s] -- Up-to-date: /home/ellakiya/dev_ws/install/my_pkg/share/my_pkg/local_setup.zsh
[0.254s] -- Up-to-date: /home/ellakiya/dev_ws/install/my_pkg/share/my_pkg/local_setup.dsv
[0.254s] -- Installing: /home/ellakiya/dev_ws/install/my_pkg/share/my_pkg/package.dsv
[0.254s] -- Up-to-date: /home/ellakiya/dev_ws/install/my_pkg/share/ament_index/resource_index/packages/my_pkg
[0.254s] -- Up-to-date: /home/ellakiya/dev_ws/install/my_pkg/share/my_pkg/cmake/my_pkgConfig.cmake
[0.255s] -- Up-to-date: /home/ellakiya/dev_ws/install/my_pkg/share/my_pkg/cmake/my_pkgConfig-version.cmake
[0.255s] -- Up-to-date: /home/ellakiya/dev_ws/install/my_pkg/share/my_pkg/package.xml
[0.257s] Invoked command in '/home/ellakiya/dev_ws/build/my_pkg' returned '0': CMAKE_PREFIX_PATH=${CMAKE_PREFIX_PATH}:/opt/ros/humble /usr/bin/cmake --install /home/ellakiya/dev_ws/build/my_pkg
